b 0 341 456 458 453 451 389 393 539 367 411 403 397 407 67 54 537 335 342 371 392 241 238 385
b 1 79 478 476 86 483 462 85 433 467 76 75 87 484
b 2 148 139 140 19 131 127 132 142 154 217 28 207 494 527 526 205 206 129 145 146
b 3 512 488 491 504 506 493 524 531 495 521 533 522 528 520 496 151 128 125 490 510 513
b 4 36 260 311 310 309 312 254 40 258 246
b 5 231 35 230 234 224 211 209 30 218 106 124 109 130 32
b 6 278 178 168 157 165 158 172 163 159 169 164 171 21 167 22 274 290 292 264 276 275
b 7 252 267 192 27 190 183 198 189 185 197 26 191 202 184 182 255 294 319 326 332 316 323 45 271 269 42 320 318 327
b 8 358 51 351 52 305 301 299 300 313 329 363 50 360
b 9 70 57 373 378 412 437 422 431 442 441 440 445 477 480 444 424 436 423 427 443 72
b 10 465 74 468 236 105 118 110 116 93 104 90 95 96 114 120 121 102 103 461 460 417 416 366 365
c 114 11
c 121 12 13
c 79 78 14
c 74 15
c 22 174 23
c 274 24
c 22 25
c 32 223 31
c 260 37
c 267 38 39
c 42 285 288 293 266 41
c 329 47
c 332 48
c 363 53
c 70 55
c 54 56
c 373 60 59
c 378 61
c 367 63
c 537 65
c 72 68
c 480 69
c 9 71
c 367 394 457 541 455 73
c 1 77
c 476 81 83 82 88
c 110 108 100 16 123 89
c 102 92
c 104 94
c 105 97
c 236 232 98
c 114 101
c 104 107
c 121 111
c 121 112
c 114 113
c 105 117
c 105 99 115 119
c 116 122
c 124 126
c 131 133
c 205 208 29 134
c 140 135 136
c 127 138
c 127 137 141
c 146 143
c 129 144
c 140 20 147
c 146 18 149
c 145 150
c 142 152
c 124 17 156 155 153
c 172 160
c 172 162
c 169 173 166
c 165 170
c 165 161 176
c 164 177
c 178 179
c 168 180
c 189 186
c 185 188
c 192 187 195
c 26 199
c 26 200
c 4 201
c 190 203
c 28 204
c 209 210
c 28 213
c 211 215
c 32 219
c 209 221 448 449 450 220
c 238 237 239 226 225
c 234 228 33 227
c 35 229
c 392 233
c 106 91 235
c 35 240
c 241 242
c 258 243
c 36 244
c 36 250 245
c 456 540 247
c 254 248
c 246 249
c 255 251
c 255 256
c 255 257
c 260 253 259
c 267 261
c 275 263
c 192 268 282 43 265
c 274 270
c 271 287 272
c 252 295 262 273
c 275 281 284 283 277
c 274 280
c 271 279 286 289
c 267 296 291
c 294 315 297
c 309 298
c 300 303 302
c 312 308 304
c 309 307
c 316 325 322
c 318 317 324
c 50 49 328
c 319 330
c 332 331
c 309 306 44 334
c 537 336
c 537 338
c 342 339
c 309 333 340
c 342 343
c 50 345
c 329 346
c 52 350 347
c 50 348
c 360 344 349
c 358 352 355 356 353
c 8 354
c 323 321 314 46 362 359
c 360 361
c 358 357 364
c 392 368
c 0 337 535 536 372 369
c 366 370
c 54 374
c 373 379
c 57 382 58 377 376 383
c 407 381 380 375 384
c 209 222 34 386
c 389 387
c 389 62 388
c 453 390
c 367 391
c 539 395
c 385 396
c 433 64 399
c 412 66 401
c 411 406
c 416 409
c 397 400 402 408 410
c 417 413
c 85 414
c 403 398 405 418 447 419
c 417 415 404 420
c 480 421
c 437 425
c 412 426
c 427 429 428
c 70 430
c 441 432 434
c 436 435
c 431 438
c 445 446 439
c 451 452
c 392 459
c 365 463
c 461 464
c 392 469
c 465 466 470
c 86 479 473 471
c 79 472
c 85 84 474
c 79 80 475
c 477 481
c 462 482
c 209 212 214 216 492
c 3 497
c 165 507 511 485 502 499
c 510 489 486 181 175 500
c 165 514 501
c 3 503
c 165 498 505
c 504 509
c 183 196 515
c 493 530 525 508 518 517
c 488 487 194 193 516 519
c 521 523
c 524 529
c 533 532
c 309 534
c 367 538
c 385 454 542
